[08/06/22 08:20 下午 ]Both license storage C:\Users\Thinkpad\AppData\Roaming\Embarcadero\.licenses\.cg_license and backup file are missing. Will create new ones.
[08/06/22 08:20 下午 ]----------------------------------------
[08/06/22 08:20 下午 ]Operating System: Windows
[08/06/22 08:20 下午 ]Current User: Thinkpad
[08/06/22 08:20 下午 ]System Registration Key: 8122879
[08/06/22 08:20 下午 ]User Lock: c:\users\thinkpadthinkpad
[08/06/22 08:20 下午 ]
[08/06/22 08:20 下午 ]----------------------------------------
[08/06/22 08:21 下午 ]----------------------------------------
[08/06/22 08:21 下午 ]Operating System: Windows
[08/06/22 08:21 下午 ]Current User: Thinkpad
[08/06/22 08:21 下午 ]System Registration Key: 8122879
[08/06/22 08:21 下午 ]User Lock: c:\users\thinkpadthinkpad
[08/06/22 08:21 下午 ]
[08/06/22 08:21 下午 ]----------------------------------------
[08/07/22 10:35 上午 ]----------------------------------------
[08/07/22 10:35 上午 ]Operating System: Windows
[08/07/22 10:35 上午 ]Current User: Thinkpad
[08/07/22 10:35 上午 ]System Registration Key: 8122879
[08/07/22 10:35 上午 ]User Lock: c:\users\thinkpadthinkpad
[08/07/22 10:35 上午 ]
[08/07/22 10:35 上午 ]----------------------------------------
[08/07/22 08:26 下午 ]----------------------------------------
[08/07/22 08:26 下午 ]Operating System: Windows
[08/07/22 08:26 下午 ]Current User: Thinkpad
[08/07/22 08:26 下午 ]System Registration Key: 8122879
[08/07/22 08:26 下午 ]User Lock: c:\users\thinkpadthinkpad
[08/07/22 08:26 下午 ]
[08/07/22 08:26 下午 ]----------------------------------------
[08/13/22 07:49 下午 ]----------------------------------------
[08/13/22 07:49 下午 ]Operating System: Windows
[08/13/22 07:49 下午 ]Current User: Thinkpad
[08/13/22 07:49 下午 ]System Registration Key: 8122879
[08/13/22 07:49 下午 ]User Lock: c:\users\thinkpadthinkpad
[08/13/22 07:49 下午 ]
[08/13/22 07:49 下午 ]----------------------------------------
[08/14/22 11:19 上午 ]----------------------------------------
[08/14/22 11:19 上午 ]Operating System: Windows
[08/14/22 11:19 上午 ]Current User: Thinkpad
[08/14/22 11:19 上午 ]System Registration Key: 8122879
[08/14/22 11:19 上午 ]User Lock: c:\users\thinkpadthinkpad
[08/14/22 11:19 上午 ]
[08/14/22 11:19 上午 ]----------------------------------------
[08/14/22 08:54 下午 ]----------------------------------------
[08/14/22 08:54 下午 ]Operating System: Windows
[08/14/22 08:54 下午 ]Current User: Thinkpad
[08/14/22 08:54 下午 ]System Registration Key: 8122879
[08/14/22 08:54 下午 ]User Lock: c:\users\thinkpadthinkpad
[08/14/22 08:54 下午 ]
[08/14/22 08:54 下午 ]----------------------------------------
[08/28/22 11:38 上午 ]----------------------------------------
[08/28/22 11:38 上午 ]Operating System: Windows
[08/28/22 11:38 上午 ]Current User: Thinkpad
[08/28/22 11:38 上午 ]System Registration Key: 8122879
[08/28/22 11:38 上午 ]User Lock: c:\users\thinkpadthinkpad
[08/28/22 11:38 上午 ]
[08/28/22 11:38 上午 ]----------------------------------------
[09/04/22 10:14 上午 ]----------------------------------------
[09/04/22 10:14 上午 ]Operating System: Windows
[09/04/22 10:14 上午 ]Current User: Thinkpad
[09/04/22 10:14 上午 ]System Registration Key: 8122879
[09/04/22 10:14 上午 ]User Lock: c:\users\thinkpadthinkpad
[09/04/22 10:14 上午 ]
[09/04/22 10:14 上午 ]----------------------------------------
[09/04/22 07:41 下午 ]----------------------------------------
[09/04/22 07:41 下午 ]Operating System: Windows
[09/04/22 07:41 下午 ]Current User: Thinkpad
[09/04/22 07:41 下午 ]System Registration Key: 8122879
[09/04/22 07:41 下午 ]User Lock: c:\users\thinkpadthinkpad
[09/04/22 07:41 下午 ]
[09/04/22 07:41 下午 ]----------------------------------------
[09/25/22 03:58 下午 ]----------------------------------------
[09/25/22 03:58 下午 ]Operating System: Windows
[09/25/22 03:58 下午 ]Current User: Thinkpad
[09/25/22 03:58 下午 ]System Registration Key: 8122879
[09/25/22 03:58 下午 ]User Lock: c:\users\thinkpadthinkpad
[09/25/22 03:58 下午 ]
[09/25/22 03:58 下午 ]----------------------------------------
[09/25/22 05:46 下午 ]----------------------------------------
[09/25/22 05:46 下午 ]Operating System: Windows
[09/25/22 05:46 下午 ]Current User: Thinkpad
[09/25/22 05:46 下午 ]System Registration Key: 8122879
[09/25/22 05:46 下午 ]User Lock: c:\users\thinkpadthinkpad
[09/25/22 05:46 下午 ]
[09/25/22 05:46 下午 ]----------------------------------------
[09/25/22 07:16 下午 ]----------------------------------------
[09/25/22 07:16 下午 ]Operating System: Windows
[09/25/22 07:16 下午 ]Current User: Thinkpad
[09/25/22 07:16 下午 ]System Registration Key: 8122879
[09/25/22 07:16 下午 ]User Lock: c:\users\thinkpadthinkpad
[09/25/22 07:16 下午 ]
[09/25/22 07:16 下午 ]----------------------------------------
[10/15/22 05:58 下午 ]----------------------------------------
[10/15/22 05:58 下午 ]Operating System: Windows
[10/15/22 05:58 下午 ]Current User: Thinkpad
[10/15/22 05:58 下午 ]System Registration Key: 8122879
[10/15/22 05:58 下午 ]User Lock: c:\users\thinkpadthinkpad
[10/15/22 05:58 下午 ]
[10/15/22 05:58 下午 ]----------------------------------------
[10/15/22 05:59 下午 ][Registration Client] EDN User Name:1
[10/15/22 05:59 下午 ][Registration Client] ProductID being registered: 2201
[10/15/22 05:59 下午 ][Registration Client] Serial being registered: 8122879
[10/15/22 05:59 下午 ][Registration Client] Starting Registration Process.
[10/15/22 05:59 下午 ][Registration Client] Completed Registration Process.
[10/15/22 05:59 下午 ][Registration Client] Registration Error Code: 20
[10/15/22 05:59 下午 ][Registration Client] Registration Message: Serial number selected for registration is invalid.
[10/15/22 06:04 下午 ]----------------------------------------
[10/15/22 06:04 下午 ]Operating System: Windows
[10/15/22 06:04 下午 ]Current User: Thinkpad
[10/15/22 06:04 下午 ]System Registration Key: 8122879
[10/15/22 06:04 下午 ]User Lock: c:\users\thinkpadthinkpad
[10/15/22 06:04 下午 ]
[10/15/22 06:04 下午 ]----------------------------------------
[10/15/22 06:07 下午 ]----------------------------------------
[10/15/22 06:07 下午 ]Operating System: Windows
[10/15/22 06:07 下午 ]Current User: Thinkpad
[10/15/22 06:07 下午 ]System Registration Key: 8122879
[10/15/22 06:07 下午 ]User Lock: c:\users\thinkpadthinkpad
[10/15/22 06:07 下午 ]
[10/15/22 06:07 下午 ]----------------------------------------
[10/15/22 06:10 下午 ]----------------------------------------
[10/15/22 06:10 下午 ]Operating System: Windows
[10/15/22 06:10 下午 ]Current User: Thinkpad
[10/15/22 06:10 下午 ]System Registration Key: 8122879
[10/15/22 06:10 下午 ]User Lock: c:\users\thinkpadthinkpad
[10/15/22 06:10 下午 ]
[10/15/22 06:10 下午 ]----------------------------------------
